[2023-01-21 03:37:44] local.ERROR: Class "DOMDocument" not found {"exception":"[object] (Error(code: 0): Class \"DOMDocument\" not found at /home/aung/aps/myProject/pizza_order_system/vendor/nunomaduro/termwind/src/HtmlRenderer.php:32)
[stacktrace]
#0 /home/aung/aps/myProject/pizza_order_system/vendor/nunomaduro/termwind/src/HtmlRenderer.php(24): Termwind\\HtmlRenderer->parse()
#1 /home/aung/aps/myProject/pizza_order_system/vendor/nunomaduro/termwind/src/Functions.php(41): Termwind\\HtmlRenderer->render()
#2 /home/aung/aps/myProject/pizza_order_system/vendor/laravel/framework/src/Illuminate/Console/View/Components/Component.php(51): Termwind\\render()
#3 /home/aung/aps/myProject/pizza_order_system/vendor/laravel/framework/src/Illuminate/Console/View/Components/Line.php(49): Illuminate\\Console\\View\\Components\\Component->renderView()
#4 /home/aung/aps/myProject/pizza_order_system/vendor/laravel/framework/src/Illuminate/Console/View/Components/Info.php(18): Illuminate\\Console\\View\\Components\\Line->render()
#5 /home/aung/aps/myProject/pizza_order_system/vendor/laravel/framework/src/Illuminate/Console/View/Components/Factory.php(56): Illuminate\\Console\\View\\Components\\Info->render()
#6 /home/aung/aps/myProject/pizza_order_system/vendor/laravel/framework/src/Illuminate/Foundation/Console/ServeCommand.php(244): Illuminate\\Console\\View\\Components\\Factory->__call()
#7 /home/aung/aps/myProject/pizza_order_system/vendor/laravel/framework/src/Illuminate/Collections/Traits/EnumeratesValues.php(236): Illuminate\\Foundation\\Console\\ServeCommand->Illuminate\\Foundation\\Console\\{closure}()
#8 /home/aung/aps/myProject/pizza_order_system/vendor/laravel/framework/src/Illuminate/Foundation/Console/ServeCommand.php(238): Illuminate\\Support\\Collection->each()
#9 /home/aung/aps/myProject/pizza_order_system/vendor/symfony/process/Process.php(1270): Illuminate\\Foundation\\Console\\ServeCommand->Illuminate\\Foundation\\Console\\{closure}()
#10 /home/aung/aps/myProject/pizza_order_system/vendor/symfony/process/Process.php(1368): Symfony\\Component\\Process\\Process->Symfony\\Component\\Process\\{closure}()
#11 /home/aung/aps/myProject/pizza_order_system/vendor/symfony/process/Process.php(1288): Symfony\\Component\\Process\\Process->readPipes()
#12 /home/aung/aps/myProject/pizza_order_system/vendor/symfony/process/Process.php(836): Symfony\\Component\\Process\\Process->updateStatus()
#13 /home/aung/aps/myProject/pizza_order_system/vendor/laravel/framework/src/Illuminate/Foundation/Console/ServeCommand.php(100): Symfony\\Component\\Process\\Process->isRunning()
#14 /home/aung/aps/myProject/pizza_order_system/vendor/laravel/framework/src/Illuminate/Container/BoundMethod.php(36): Illuminate\\Foundation\\Console\\ServeCommand->handle()
#15 /home/aung/aps/myProject/pizza_order_system/vendor/laravel/framework/src/Illuminate/Container/Util.php(41): Illuminate\\Container\\BoundMethod::Illuminate\\Container\\{closure}()
#16 /home/aung/aps/myProject/pizza_order_system/vendor/laravel/framework/src/Illuminate/Container/BoundMethod.php(93): Illuminate\\Container\\Util::unwrapIfClosure()
#17 /home/aung/aps/myProject/pizza_order_system/vendor/laravel/framework/src/Illuminate/Container/BoundMethod.php(35): Illuminate\\Container\\BoundMethod::callBoundMethod()
#18 /home/aung/aps/myProject/pizza_order_system/vendor/laravel/framework/src/Illuminate/Container/Container.php(651): Illuminate\\Container\\BoundMethod::call()
#19 /home/aung/aps/myProject/pizza_order_system/vendor/laravel/framework/src/Illuminate/Console/Command.php(182): Illuminate\\Container\\Container->call()
#20 /home/aung/aps/myProject/pizza_order_system/vendor/symfony/console/Command/Command.php(312): Illuminate\\Console\\Command->execute()
#21 /home/aung/aps/myProject/pizza_order_system/vendor/laravel/framework/src/Illuminate/Console/Command.php(151): Symfony\\Component\\Console\\Command\\Command->run()
#22 /home/aung/aps/myProject/pizza_order_system/vendor/symfony/console/Application.php(1022): Illuminate\\Console\\Command->run()
#23 /home/aung/aps/myProject/pizza_order_system/vendor/symfony/console/Application.php(314): Symfony\\Component\\Console\\Application->doRunCommand()
#24 /home/aung/aps/myProject/pizza_order_system/vendor/symfony/console/Application.php(168): Symfony\\Component\\Console\\Application->doRun()
#25 /home/aung/aps/myProject/pizza_order_system/vendor/laravel/framework/src/Illuminate/Console/Application.php(102): Symfony\\Component\\Console\\Application->run()
#26 /home/aung/aps/myProject/pizza_order_system/vendor/laravel/framework/src/Illuminate/Foundation/Console/Kernel.php(155): Illuminate\\Console\\Application->run()
#27 /home/aung/aps/myProject/pizza_order_system/artisan(35): Illuminate\\Foundation\\Console\\Kernel->handle()
#28 {main}
"} 
[2023-01-21 04:42:10] local.ERROR: could not find driver (SQL: SHOW FULL TABLES WHERE table_type = 'BASE TABLE') {"exception":"[object] (Illuminate\\Database\\QueryException(code: 0): could not find driver (SQL: SHOW FULL TABLES WHERE table_type = 'BASE TABLE') at /home/aung/aps/myProject/pizza_order_system/vendor/laravel/framework/src/Illuminate/Database/Connection.php:760)
[stacktrace]
#0 /home/aung/aps/myProject/pizza_order_system/vendor/laravel/framework/src/Illuminate/Database/Connection.php(720): Illuminate\\Database\\Connection->runQueryCallback()
#1 /home/aung/aps/myProject/pizza_order_system/vendor/laravel/framework/src/Illuminate/Database/Connection.php(405): Illuminate\\Database\\Connection->run()
#2 /home/aung/aps/myProject/pizza_order_system/vendor/laravel/framework/src/Illuminate/Database/Schema/MySqlBuilder.php(124): Illuminate\\Database\\Connection->select()
#3 /home/aung/aps/myProject/pizza_order_system/vendor/laravel/framework/src/Illuminate/Database/Schema/MySqlBuilder.php(74): Illuminate\\Database\\Schema\\MySqlBuilder->getAllTables()
#4 /home/aung/aps/myProject/pizza_order_system/vendor/laravel/framework/src/Illuminate/Database/Console/WipeCommand.php(82): Illuminate\\Database\\Schema\\MySqlBuilder->dropAllTables()
#5 /home/aung/aps/myProject/pizza_order_system/vendor/laravel/framework/src/Illuminate/Database/Console/WipeCommand.php(59): Illuminate\\Database\\Console\\WipeCommand->dropAllTables()
#6 /home/aung/aps/myProject/pizza_order_system/vendor/laravel/framework/src/Illuminate/Container/BoundMethod.php(36): Illuminate\\Database\\Console\\WipeCommand->handle()
#7 /home/aung/aps/myProject/pizza_order_system/vendor/laravel/framework/src/Illuminate/Container/Util.php(41): Illuminate\\Container\\BoundMethod::Illuminate\\Container\\{closure}()
#8 /home/aung/aps/myProject/pizza_order_system/vendor/laravel/framework/src/Illuminate/Container/BoundMethod.php(93): Illuminate\\Container\\Util::unwrapIfClosure()
#9 /home/aung/aps/myProject/pizza_order_system/vendor/laravel/framework/src/Illuminate/Container/BoundMethod.php(35): Illuminate\\Container\\BoundMethod::callBoundMethod()
#10 /home/aung/aps/myProject/pizza_order_system/vendor/laravel/framework/src/Illuminate/Container/Container.php(651): Illuminate\\Container\\BoundMethod::call()
#11 /home/aung/aps/myProject/pizza_order_system/vendor/laravel/framework/src/Illuminate/Console/Command.php(182): Illuminate\\Container\\Container->call()
#12 /home/aung/aps/myProject/pizza_order_system/vendor/symfony/console/Command/Command.php(312): Illuminate\\Console\\Command->execute()
#13 /home/aung/aps/myProject/pizza_order_system/vendor/laravel/framework/src/Illuminate/Console/Command.php(151): Symfony\\Component\\Console\\Command\\Command->run()
#14 /home/aung/aps/myProject/pizza_order_system/vendor/laravel/framework/src/Illuminate/Console/Concerns/CallsCommands.php(67): Illuminate\\Console\\Command->run()
#15 /home/aung/aps/myProject/pizza_order_system/vendor/laravel/framework/src/Illuminate/Console/Concerns/CallsCommands.php(40): Illuminate\\Console\\Command->runCommand()
#16 /home/aung/aps/myProject/pizza_order_system/vendor/laravel/framework/src/Illuminate/Database/Console/Migrations/FreshCommand.php(44): Illuminate\\Console\\Command->callSilent()
#17 /home/aung/aps/myProject/pizza_order_system/vendor/laravel/framework/src/Illuminate/Console/View/Components/Task.php(36): Illuminate\\Database\\Console\\Migrations\\FreshCommand->Illuminate\\Database\\Console\\Migrations\\{closure}()
#18 /home/aung/aps/myProject/pizza_order_system/vendor/laravel/framework/src/Illuminate/Console/View/Components/Factory.php(56): Illuminate\\Console\\View\\Components\\Task->render()
#19 /home/aung/aps/myProject/pizza_order_system/vendor/laravel/framework/src/Illuminate/Database/Console/Migrations/FreshCommand.php(44): Illuminate\\Console\\View\\Components\\Factory->__call()
#20 /home/aung/aps/myProject/pizza_order_system/vendor/laravel/framework/src/Illuminate/Container/BoundMethod.php(36): Illuminate\\Database\\Console\\Migrations\\FreshCommand->handle()
#21 /home/aung/aps/myProject/pizza_order_system/vendor/laravel/framework/src/Illuminate/Container/Util.php(41): Illuminate\\Container\\BoundMethod::Illuminate\\Container\\{closure}()
#22 /home/aung/aps/myProject/pizza_order_system/vendor/laravel/framework/src/Illuminate/Container/BoundMethod.php(93): Illuminate\\Container\\Util::unwrapIfClosure()
#23 /home/aung/aps/myProject/pizza_order_system/vendor/laravel/framework/src/Illuminate/Container/BoundMethod.php(35): Illuminate\\Container\\BoundMethod::callBoundMethod()
#24 /home/aung/aps/myProject/pizza_order_system/vendor/laravel/framework/src/Illuminate/Container/Container.php(651): Illuminate\\Container\\BoundMethod::call()
#25 /home/aung/aps/myProject/pizza_order_system/vendor/laravel/framework/src/Illuminate/Console/Command.php(182): Illuminate\\Container\\Container->call()
#26 /home/aung/aps/myProject/pizza_order_system/vendor/symfony/console/Command/Command.php(312): Illuminate\\Console\\Command->execute()
#27 /home/aung/aps/myProject/pizza_order_system/vendor/laravel/framework/src/Illuminate/Console/Command.php(151): Symfony\\Component\\Console\\Command\\Command->run()
#28 /home/aung/aps/myProject/pizza_order_system/vendor/symfony/console/Application.php(1022): Illuminate\\Console\\Command->run()
#29 /home/aung/aps/myProject/pizza_order_system/vendor/symfony/console/Application.php(314): Symfony\\Component\\Console\\Application->doRunCommand()
#30 /home/aung/aps/myProject/pizza_order_system/vendor/symfony/console/Application.php(168): Symfony\\Component\\Console\\Application->doRun()
#31 /home/aung/aps/myProject/pizza_order_system/vendor/laravel/framework/src/Illuminate/Console/Application.php(102): Symfony\\Component\\Console\\Application->run()
#32 /home/aung/aps/myProject/pizza_order_system/vendor/laravel/framework/src/Illuminate/Foundation/Console/Kernel.php(155): Illuminate\\Console\\Application->run()
#33 /home/aung/aps/myProject/pizza_order_system/artisan(35): Illuminate\\Foundation\\Console\\Kernel->handle()
#34 {main}

[previous exception] [object] (PDOException(code: 0): could not find driver at /home/aung/aps/myProject/pizza_order_system/vendor/laravel/framework/src/Illuminate/Database/Connectors/Connector.php:70)
[stacktrace]
#0 /home/aung/aps/myProject/pizza_order_system/vendor/laravel/framework/src/Illuminate/Database/Connectors/Connector.php(70): PDO->__construct()
#1 /home/aung/aps/myProject/pizza_order_system/vendor/laravel/framework/src/Illuminate/Database/Connectors/Connector.php(45): Illuminate\\Database\\Connectors\\Connector->createPdoConnection()
#2 /home/aung/aps/myProject/pizza_order_system/vendor/laravel/framework/src/Illuminate/Database/Connectors/MySqlConnector.php(24): Illuminate\\Database\\Connectors\\Connector->createConnection()
#3 /home/aung/aps/myProject/pizza_order_system/vendor/laravel/framework/src/Illuminate/Database/Connectors/ConnectionFactory.php(184): Illuminate\\Database\\Connectors\\MySqlConnector->connect()
#4 [internal function]: Illuminate\\Database\\Connectors\\ConnectionFactory->Illuminate\\Database\\Connectors\\{closure}()
#5 /home/aung/aps/myProject/pizza_order_system/vendor/laravel/framework/src/Illuminate/Database/Connection.php(1181): call_user_func()
#6 /home/aung/aps/myProject/pizza_order_system/vendor/laravel/framework/src/Illuminate/Database/Connection.php(1217): Illuminate\\Database\\Connection->getPdo()
#7 /home/aung/aps/myProject/pizza_order_system/vendor/laravel/framework/src/Illuminate/Database/Connection.php(486): Illuminate\\Database\\Connection->getReadPdo()
#8 /home/aung/aps/myProject/pizza_order_system/vendor/laravel/framework/src/Illuminate/Database/Connection.php(414): Illuminate\\Database\\Connection->getPdoForSelect()
#9 /home/aung/aps/myProject/pizza_order_system/vendor/laravel/framework/src/Illuminate/Database/Connection.php(753): Illuminate\\Database\\Connection->Illuminate\\Database\\{closure}()
#10 /home/aung/aps/myProject/pizza_order_system/vendor/laravel/framework/src/Illuminate/Database/Connection.php(720): Illuminate\\Database\\Connection->runQueryCallback()
#11 /home/aung/aps/myProject/pizza_order_system/vendor/laravel/framework/src/Illuminate/Database/Connection.php(405): Illuminate\\Database\\Connection->run()
#12 /home/aung/aps/myProject/pizza_order_system/vendor/laravel/framework/src/Illuminate/Database/Schema/MySqlBuilder.php(124): Illuminate\\Database\\Connection->select()
#13 /home/aung/aps/myProject/pizza_order_system/vendor/laravel/framework/src/Illuminate/Database/Schema/MySqlBuilder.php(74): Illuminate\\Database\\Schema\\MySqlBuilder->getAllTables()
#14 /home/aung/aps/myProject/pizza_order_system/vendor/laravel/framework/src/Illuminate/Database/Console/WipeCommand.php(82): Illuminate\\Database\\Schema\\MySqlBuilder->dropAllTables()
#15 /home/aung/aps/myProject/pizza_order_system/vendor/laravel/framework/src/Illuminate/Database/Console/WipeCommand.php(59): Illuminate\\Database\\Console\\WipeCommand->dropAllTables()
#16 /home/aung/aps/myProject/pizza_order_system/vendor/laravel/framework/src/Illuminate/Container/BoundMethod.php(36): Illuminate\\Database\\Console\\WipeCommand->handle()
#17 /home/aung/aps/myProject/pizza_order_system/vendor/laravel/framework/src/Illuminate/Container/Util.php(41): Illuminate\\Container\\BoundMethod::Illuminate\\Container\\{closure}()
#18 /home/aung/aps/myProject/pizza_order_system/vendor/laravel/framework/src/Illuminate/Container/BoundMethod.php(93): Illuminate\\Container\\Util::unwrapIfClosure()
#19 /home/aung/aps/myProject/pizza_order_system/vendor/laravel/framework/src/Illuminate/Container/BoundMethod.php(35): Illuminate\\Container\\BoundMethod::callBoundMethod()
#20 /home/aung/aps/myProject/pizza_order_system/vendor/laravel/framework/src/Illuminate/Container/Container.php(651): Illuminate\\Container\\BoundMethod::call()
#21 /home/aung/aps/myProject/pizza_order_system/vendor/laravel/framework/src/Illuminate/Console/Command.php(182): Illuminate\\Container\\Container->call()
#22 /home/aung/aps/myProject/pizza_order_system/vendor/symfony/console/Command/Command.php(312): Illuminate\\Console\\Command->execute()
#23 /home/aung/aps/myProject/pizza_order_system/vendor/laravel/framework/src/Illuminate/Console/Command.php(151): Symfony\\Component\\Console\\Command\\Command->run()
#24 /home/aung/aps/myProject/pizza_order_system/vendor/laravel/framework/src/Illuminate/Console/Concerns/CallsCommands.php(67): Illuminate\\Console\\Command->run()
#25 /home/aung/aps/myProject/pizza_order_system/vendor/laravel/framework/src/Illuminate/Console/Concerns/CallsCommands.php(40): Illuminate\\Console\\Command->runCommand()
#26 /home/aung/aps/myProject/pizza_order_system/vendor/laravel/framework/src/Illuminate/Database/Console/Migrations/FreshCommand.php(44): Illuminate\\Console\\Command->callSilent()
#27 /home/aung/aps/myProject/pizza_order_system/vendor/laravel/framework/src/Illuminate/Console/View/Components/Task.php(36): Illuminate\\Database\\Console\\Migrations\\FreshCommand->Illuminate\\Database\\Console\\Migrations\\{closure}()
#28 /home/aung/aps/myProject/pizza_order_system/vendor/laravel/framework/src/Illuminate/Console/View/Components/Factory.php(56): Illuminate\\Console\\View\\Components\\Task->render()
#29 /home/aung/aps/myProject/pizza_order_system/vendor/laravel/framework/src/Illuminate/Database/Console/Migrations/FreshCommand.php(44): Illuminate\\Console\\View\\Components\\Factory->__call()
#30 /home/aung/aps/myProject/pizza_order_system/vendor/laravel/framework/src/Illuminate/Container/BoundMethod.php(36): Illuminate\\Database\\Console\\Migrations\\FreshCommand->handle()
#31 /home/aung/aps/myProject/pizza_order_system/vendor/laravel/framework/src/Illuminate/Container/Util.php(41): Illuminate\\Container\\BoundMethod::Illuminate\\Container\\{closure}()
#32 /home/aung/aps/myProject/pizza_order_system/vendor/laravel/framework/src/Illuminate/Container/BoundMethod.php(93): Illuminate\\Container\\Util::unwrapIfClosure()
#33 /home/aung/aps/myProject/pizza_order_system/vendor/laravel/framework/src/Illuminate/Container/BoundMethod.php(35): Illuminate\\Container\\BoundMethod::callBoundMethod()
#34 /home/aung/aps/myProject/pizza_order_system/vendor/laravel/framework/src/Illuminate/Container/Container.php(651): Illuminate\\Container\\BoundMethod::call()
#35 /home/aung/aps/myProject/pizza_order_system/vendor/laravel/framework/src/Illuminate/Console/Command.php(182): Illuminate\\Container\\Container->call()
#36 /home/aung/aps/myProject/pizza_order_system/vendor/symfony/console/Command/Command.php(312): Illuminate\\Console\\Command->execute()
#37 /home/aung/aps/myProject/pizza_order_system/vendor/laravel/framework/src/Illuminate/Console/Command.php(151): Symfony\\Component\\Console\\Command\\Command->run()
#38 /home/aung/aps/myProject/pizza_order_system/vendor/symfony/console/Application.php(1022): Illuminate\\Console\\Command->run()
#39 /home/aung/aps/myProject/pizza_order_system/vendor/symfony/console/Application.php(314): Symfony\\Component\\Console\\Application->doRunCommand()
#40 /home/aung/aps/myProject/pizza_order_system/vendor/symfony/console/Application.php(168): Symfony\\Component\\Console\\Application->doRun()
#41 /home/aung/aps/myProject/pizza_order_system/vendor/laravel/framework/src/Illuminate/Console/Application.php(102): Symfony\\Component\\Console\\Application->run()
#42 /home/aung/aps/myProject/pizza_order_system/vendor/laravel/framework/src/Illuminate/Foundation/Console/Kernel.php(155): Illuminate\\Console\\Application->run()
#43 /home/aung/aps/myProject/pizza_order_system/artisan(35): Illuminate\\Foundation\\Console\\Kernel->handle()
#44 {main}
"} 
[2023-01-21 04:43:41] local.ERROR: could not find driver (SQL: SHOW FULL TABLES WHERE table_type = 'BASE TABLE') {"exception":"[object] (Illuminate\\Database\\QueryException(code: 0): could not find driver (SQL: SHOW FULL TABLES WHERE table_type = 'BASE TABLE') at /home/aung/aps/myProject/pizza_order_system/vendor/laravel/framework/src/Illuminate/Database/Connection.php:760)
[stacktrace]
#0 /home/aung/aps/myProject/pizza_order_system/vendor/laravel/framework/src/Illuminate/Database/Connection.php(720): Illuminate\\Database\\Connection->runQueryCallback()
#1 /home/aung/aps/myProject/pizza_order_system/vendor/laravel/framework/src/Illuminate/Database/Connection.php(405): Illuminate\\Database\\Connection->run()
#2 /home/aung/aps/myProject/pizza_order_system/vendor/laravel/framework/src/Illuminate/Database/Schema/MySqlBuilder.php(124): Illuminate\\Database\\Connection->select()
#3 /home/aung/aps/myProject/pizza_order_system/vendor/laravel/framework/src/Illuminate/Database/Schema/MySqlBuilder.php(74): Illuminate\\Database\\Schema\\MySqlBuilder->getAllTables()
#4 /home/aung/aps/myProject/pizza_order_system/vendor/laravel/framework/src/Illuminate/Database/Console/WipeCommand.php(82): Illuminate\\Database\\Schema\\MySqlBuilder->dropAllTables()
#5 /home/aung/aps/myProject/pizza_order_system/vendor/laravel/framework/src/Illuminate/Database/Console/WipeCommand.php(59): Illuminate\\Database\\Console\\WipeCommand->dropAllTables()
#6 /home/aung/aps/myProject/pizza_order_system/vendor/laravel/framework/src/Illuminate/Container/BoundMethod.php(36): Illuminate\\Database\\Console\\WipeCommand->handle()
#7 /home/aung/aps/myProject/pizza_order_system/vendor/laravel/framework/src/Illuminate/Container/Util.php(41): Illuminate\\Container\\BoundMethod::Illuminate\\Container\\{closure}()
#8 /home/aung/aps/myProject/pizza_order_system/vendor/laravel/framework/src/Illuminate/Container/BoundMethod.php(93): Illuminate\\Container\\Util::unwrapIfClosure()
#9 /home/aung/aps/myProject/pizza_order_system/vendor/laravel/framework/src/Illuminate/Container/BoundMethod.php(35): Illuminate\\Container\\BoundMethod::callBoundMethod()
#10 /home/aung/aps/myProject/pizza_order_system/vendor/laravel/framework/src/Illuminate/Container/Container.php(651): Illuminate\\Container\\BoundMethod::call()
#11 /home/aung/aps/myProject/pizza_order_system/vendor/laravel/framework/src/Illuminate/Console/Command.php(182): Illuminate\\Container\\Container->call()
#12 /home/aung/aps/myProject/pizza_order_system/vendor/symfony/console/Command/Command.php(312): Illuminate\\Console\\Command->execute()
#13 /home/aung/aps/myProject/pizza_order_system/vendor/laravel/framework/src/Illuminate/Console/Command.php(151): Symfony\\Component\\Console\\Command\\Command->run()
#14 /home/aung/aps/myProject/pizza_order_system/vendor/laravel/framework/src/Illuminate/Console/Concerns/CallsCommands.php(67): Illuminate\\Console\\Command->run()
#15 /home/aung/aps/myProject/pizza_order_system/vendor/laravel/framework/src/Illuminate/Console/Concerns/CallsCommands.php(40): Illuminate\\Console\\Command->runCommand()
#16 /home/aung/aps/myProject/pizza_order_system/vendor/laravel/framework/src/Illuminate/Database/Console/Migrations/FreshCommand.php(44): Illuminate\\Console\\Command->callSilent()
#17 /home/aung/aps/myProject/pizza_order_system/vendor/laravel/framework/src/Illuminate/Console/View/Components/Task.php(36): Illuminate\\Database\\Console\\Migrations\\FreshCommand->Illuminate\\Database\\Console\\Migrations\\{closure}()
#18 /home/aung/aps/myProject/pizza_order_system/vendor/laravel/framework/src/Illuminate/Console/View/Components/Factory.php(56): Illuminate\\Console\\View\\Components\\Task->render()
#19 /home/aung/aps/myProject/pizza_order_system/vendor/laravel/framework/src/Illuminate/Database/Console/Migrations/FreshCommand.php(44): Illuminate\\Console\\View\\Components\\Factory->__call()
#20 /home/aung/aps/myProject/pizza_order_system/vendor/laravel/framework/src/Illuminate/Container/BoundMethod.php(36): Illuminate\\Database\\Console\\Migrations\\FreshCommand->handle()
#21 /home/aung/aps/myProject/pizza_order_system/vendor/laravel/framework/src/Illuminate/Container/Util.php(41): Illuminate\\Container\\BoundMethod::Illuminate\\Container\\{closure}()
#22 /home/aung/aps/myProject/pizza_order_system/vendor/laravel/framework/src/Illuminate/Container/BoundMethod.php(93): Illuminate\\Container\\Util::unwrapIfClosure()
#23 /home/aung/aps/myProject/pizza_order_system/vendor/laravel/framework/src/Illuminate/Container/BoundMethod.php(35): Illuminate\\Container\\BoundMethod::callBoundMethod()
#24 /home/aung/aps/myProject/pizza_order_system/vendor/laravel/framework/src/Illuminate/Container/Container.php(651): Illuminate\\Container\\BoundMethod::call()
#25 /home/aung/aps/myProject/pizza_order_system/vendor/laravel/framework/src/Illuminate/Console/Command.php(182): Illuminate\\Container\\Container->call()
#26 /home/aung/aps/myProject/pizza_order_system/vendor/symfony/console/Command/Command.php(312): Illuminate\\Console\\Command->execute()
#27 /home/aung/aps/myProject/pizza_order_system/vendor/laravel/framework/src/Illuminate/Console/Command.php(151): Symfony\\Component\\Console\\Command\\Command->run()
#28 /home/aung/aps/myProject/pizza_order_system/vendor/symfony/console/Application.php(1022): Illuminate\\Console\\Command->run()
#29 /home/aung/aps/myProject/pizza_order_system/vendor/symfony/console/Application.php(314): Symfony\\Component\\Console\\Application->doRunCommand()
#30 /home/aung/aps/myProject/pizza_order_system/vendor/symfony/console/Application.php(168): Symfony\\Component\\Console\\Application->doRun()
#31 /home/aung/aps/myProject/pizza_order_system/vendor/laravel/framework/src/Illuminate/Console/Application.php(102): Symfony\\Component\\Console\\Application->run()
#32 /home/aung/aps/myProject/pizza_order_system/vendor/laravel/framework/src/Illuminate/Foundation/Console/Kernel.php(155): Illuminate\\Console\\Application->run()
#33 /home/aung/aps/myProject/pizza_order_system/artisan(35): Illuminate\\Foundation\\Console\\Kernel->handle()
#34 {main}

[previous exception] [object] (PDOException(code: 0): could not find driver at /home/aung/aps/myProject/pizza_order_system/vendor/laravel/framework/src/Illuminate/Database/Connectors/Connector.php:70)
[stacktrace]
#0 /home/aung/aps/myProject/pizza_order_system/vendor/laravel/framework/src/Illuminate/Database/Connectors/Connector.php(70): PDO->__construct()
#1 /home/aung/aps/myProject/pizza_order_system/vendor/laravel/framework/src/Illuminate/Database/Connectors/Connector.php(45): Illuminate\\Database\\Connectors\\Connector->createPdoConnection()
#2 /home/aung/aps/myProject/pizza_order_system/vendor/laravel/framework/src/Illuminate/Database/Connectors/MySqlConnector.php(24): Illuminate\\Database\\Connectors\\Connector->createConnection()
#3 /home/aung/aps/myProject/pizza_order_system/vendor/laravel/framework/src/Illuminate/Database/Connectors/ConnectionFactory.php(184): Illuminate\\Database\\Connectors\\MySqlConnector->connect()
#4 [internal function]: Illuminate\\Database\\Connectors\\ConnectionFactory->Illuminate\\Database\\Connectors\\{closure}()
#5 /home/aung/aps/myProject/pizza_order_system/vendor/laravel/framework/src/Illuminate/Database/Connection.php(1181): call_user_func()
#6 /home/aung/aps/myProject/pizza_order_system/vendor/laravel/framework/src/Illuminate/Database/Connection.php(1217): Illuminate\\Database\\Connection->getPdo()
#7 /home/aung/aps/myProject/pizza_order_system/vendor/laravel/framework/src/Illuminate/Database/Connection.php(486): Illuminate\\Database\\Connection->getReadPdo()
#8 /home/aung/aps/myProject/pizza_order_system/vendor/laravel/framework/src/Illuminate/Database/Connection.php(414): Illuminate\\Database\\Connection->getPdoForSelect()
#9 /home/aung/aps/myProject/pizza_order_system/vendor/laravel/framework/src/Illuminate/Database/Connection.php(753): Illuminate\\Database\\Connection->Illuminate\\Database\\{closure}()
#10 /home/aung/aps/myProject/pizza_order_system/vendor/laravel/framework/src/Illuminate/Database/Connection.php(720): Illuminate\\Database\\Connection->runQueryCallback()
#11 /home/aung/aps/myProject/pizza_order_system/vendor/laravel/framework/src/Illuminate/Database/Connection.php(405): Illuminate\\Database\\Connection->run()
#12 /home/aung/aps/myProject/pizza_order_system/vendor/laravel/framework/src/Illuminate/Database/Schema/MySqlBuilder.php(124): Illuminate\\Database\\Connection->select()
#13 /home/aung/aps/myProject/pizza_order_system/vendor/laravel/framework/src/Illuminate/Database/Schema/MySqlBuilder.php(74): Illuminate\\Database\\Schema\\MySqlBuilder->getAllTables()
#14 /home/aung/aps/myProject/pizza_order_system/vendor/laravel/framework/src/Illuminate/Database/Console/WipeCommand.php(82): Illuminate\\Database\\Schema\\MySqlBuilder->dropAllTables()
#15 /home/aung/aps/myProject/pizza_order_system/vendor/laravel/framework/src/Illuminate/Database/Console/WipeCommand.php(59): Illuminate\\Database\\Console\\WipeCommand->dropAllTables()
#16 /home/aung/aps/myProject/pizza_order_system/vendor/laravel/framework/src/Illuminate/Container/BoundMethod.php(36): Illuminate\\Database\\Console\\WipeCommand->handle()
#17 /home/aung/aps/myProject/pizza_order_system/vendor/laravel/framework/src/Illuminate/Container/Util.php(41): Illuminate\\Container\\BoundMethod::Illuminate\\Container\\{closure}()
#18 /home/aung/aps/myProject/pizza_order_system/vendor/laravel/framework/src/Illuminate/Container/BoundMethod.php(93): Illuminate\\Container\\Util::unwrapIfClosure()
#19 /home/aung/aps/myProject/pizza_order_system/vendor/laravel/framework/src/Illuminate/Container/BoundMethod.php(35): Illuminate\\Container\\BoundMethod::callBoundMethod()
#20 /home/aung/aps/myProject/pizza_order_system/vendor/laravel/framework/src/Illuminate/Container/Container.php(651): Illuminate\\Container\\BoundMethod::call()
#21 /home/aung/aps/myProject/pizza_order_system/vendor/laravel/framework/src/Illuminate/Console/Command.php(182): Illuminate\\Container\\Container->call()
#22 /home/aung/aps/myProject/pizza_order_system/vendor/symfony/console/Command/Command.php(312): Illuminate\\Console\\Command->execute()
#23 /home/aung/aps/myProject/pizza_order_system/vendor/laravel/framework/src/Illuminate/Console/Command.php(151): Symfony\\Component\\Console\\Command\\Command->run()
#24 /home/aung/aps/myProject/pizza_order_system/vendor/laravel/framework/src/Illuminate/Console/Concerns/CallsCommands.php(67): Illuminate\\Console\\Command->run()
#25 /home/aung/aps/myProject/pizza_order_system/vendor/laravel/framework/src/Illuminate/Console/Concerns/CallsCommands.php(40): Illuminate\\Console\\Command->runCommand()
#26 /home/aung/aps/myProject/pizza_order_system/vendor/laravel/framework/src/Illuminate/Database/Console/Migrations/FreshCommand.php(44): Illuminate\\Console\\Command->callSilent()
#27 /home/aung/aps/myProject/pizza_order_system/vendor/laravel/framework/src/Illuminate/Console/View/Components/Task.php(36): Illuminate\\Database\\Console\\Migrations\\FreshCommand->Illuminate\\Database\\Console\\Migrations\\{closure}()
#28 /home/aung/aps/myProject/pizza_order_system/vendor/laravel/framework/src/Illuminate/Console/View/Components/Factory.php(56): Illuminate\\Console\\View\\Components\\Task->render()
#29 /home/aung/aps/myProject/pizza_order_system/vendor/laravel/framework/src/Illuminate/Database/Console/Migrations/FreshCommand.php(44): Illuminate\\Console\\View\\Components\\Factory->__call()
#30 /home/aung/aps/myProject/pizza_order_system/vendor/laravel/framework/src/Illuminate/Container/BoundMethod.php(36): Illuminate\\Database\\Console\\Migrations\\FreshCommand->handle()
#31 /home/aung/aps/myProject/pizza_order_system/vendor/laravel/framework/src/Illuminate/Container/Util.php(41): Illuminate\\Container\\BoundMethod::Illuminate\\Container\\{closure}()
#32 /home/aung/aps/myProject/pizza_order_system/vendor/laravel/framework/src/Illuminate/Container/BoundMethod.php(93): Illuminate\\Container\\Util::unwrapIfClosure()
#33 /home/aung/aps/myProject/pizza_order_system/vendor/laravel/framework/src/Illuminate/Container/BoundMethod.php(35): Illuminate\\Container\\BoundMethod::callBoundMethod()
#34 /home/aung/aps/myProject/pizza_order_system/vendor/laravel/framework/src/Illuminate/Container/Container.php(651): Illuminate\\Container\\BoundMethod::call()
#35 /home/aung/aps/myProject/pizza_order_system/vendor/laravel/framework/src/Illuminate/Console/Command.php(182): Illuminate\\Container\\Container->call()
#36 /home/aung/aps/myProject/pizza_order_system/vendor/symfony/console/Command/Command.php(312): Illuminate\\Console\\Command->execute()
#37 /home/aung/aps/myProject/pizza_order_system/vendor/laravel/framework/src/Illuminate/Console/Command.php(151): Symfony\\Component\\Console\\Command\\Command->run()
#38 /home/aung/aps/myProject/pizza_order_system/vendor/symfony/console/Application.php(1022): Illuminate\\Console\\Command->run()
#39 /home/aung/aps/myProject/pizza_order_system/vendor/symfony/console/Application.php(314): Symfony\\Component\\Console\\Application->doRunCommand()
#40 /home/aung/aps/myProject/pizza_order_system/vendor/symfony/console/Application.php(168): Symfony\\Component\\Console\\Application->doRun()
#41 /home/aung/aps/myProject/pizza_order_system/vendor/laravel/framework/src/Illuminate/Console/Application.php(102): Symfony\\Component\\Console\\Application->run()
#42 /home/aung/aps/myProject/pizza_order_system/vendor/laravel/framework/src/Illuminate/Foundation/Console/Kernel.php(155): Illuminate\\Console\\Application->run()
#43 /home/aung/aps/myProject/pizza_order_system/artisan(35): Illuminate\\Foundation\\Console\\Kernel->handle()
#44 {main}
"} 
[2023-01-21 04:43:54] local.ERROR: Class "DOMDocument" not found {"exception":"[object] (Error(code: 0): Class \"DOMDocument\" not found at /home/aung/aps/myProject/pizza_order_system/vendor/nunomaduro/termwind/src/HtmlRenderer.php:32)
[stacktrace]
#0 /home/aung/aps/myProject/pizza_order_system/vendor/nunomaduro/termwind/src/HtmlRenderer.php(24): Termwind\\HtmlRenderer->parse()
#1 /home/aung/aps/myProject/pizza_order_system/vendor/nunomaduro/termwind/src/Functions.php(41): Termwind\\HtmlRenderer->render()
#2 /home/aung/aps/myProject/pizza_order_system/vendor/laravel/framework/src/Illuminate/Console/View/Components/Component.php(51): Termwind\\render()
#3 /home/aung/aps/myProject/pizza_order_system/vendor/laravel/framework/src/Illuminate/Console/View/Components/Line.php(49): Illuminate\\Console\\View\\Components\\Component->renderView()
#4 /home/aung/aps/myProject/pizza_order_system/vendor/laravel/framework/src/Illuminate/Console/View/Components/Info.php(18): Illuminate\\Console\\View\\Components\\Line->render()
#5 /home/aung/aps/myProject/pizza_order_system/vendor/laravel/framework/src/Illuminate/Console/View/Components/Factory.php(56): Illuminate\\Console\\View\\Components\\Info->render()
#6 /home/aung/aps/myProject/pizza_order_system/vendor/laravel/framework/src/Illuminate/Foundation/Console/ServeCommand.php(244): Illuminate\\Console\\View\\Components\\Factory->__call()
#7 /home/aung/aps/myProject/pizza_order_system/vendor/laravel/framework/src/Illuminate/Collections/Traits/EnumeratesValues.php(236): Illuminate\\Foundation\\Console\\ServeCommand->Illuminate\\Foundation\\Console\\{closure}()
#8 /home/aung/aps/myProject/pizza_order_system/vendor/laravel/framework/src/Illuminate/Foundation/Console/ServeCommand.php(238): Illuminate\\Support\\Collection->each()
#9 /home/aung/aps/myProject/pizza_order_system/vendor/symfony/process/Process.php(1270): Illuminate\\Foundation\\Console\\ServeCommand->Illuminate\\Foundation\\Console\\{closure}()
#10 /home/aung/aps/myProject/pizza_order_system/vendor/symfony/process/Process.php(1368): Symfony\\Component\\Process\\Process->Symfony\\Component\\Process\\{closure}()
#11 /home/aung/aps/myProject/pizza_order_system/vendor/symfony/process/Process.php(1288): Symfony\\Component\\Process\\Process->readPipes()
#12 /home/aung/aps/myProject/pizza_order_system/vendor/symfony/process/Process.php(836): Symfony\\Component\\Process\\Process->updateStatus()
#13 /home/aung/aps/myProject/pizza_order_system/vendor/laravel/framework/src/Illuminate/Foundation/Console/ServeCommand.php(100): Symfony\\Component\\Process\\Process->isRunning()
#14 /home/aung/aps/myProject/pizza_order_system/vendor/laravel/framework/src/Illuminate/Container/BoundMethod.php(36): Illuminate\\Foundation\\Console\\ServeCommand->handle()
#15 /home/aung/aps/myProject/pizza_order_system/vendor/laravel/framework/src/Illuminate/Container/Util.php(41): Illuminate\\Container\\BoundMethod::Illuminate\\Container\\{closure}()
#16 /home/aung/aps/myProject/pizza_order_system/vendor/laravel/framework/src/Illuminate/Container/BoundMethod.php(93): Illuminate\\Container\\Util::unwrapIfClosure()
#17 /home/aung/aps/myProject/pizza_order_system/vendor/laravel/framework/src/Illuminate/Container/BoundMethod.php(35): Illuminate\\Container\\BoundMethod::callBoundMethod()
#18 /home/aung/aps/myProject/pizza_order_system/vendor/laravel/framework/src/Illuminate/Container/Container.php(651): Illuminate\\Container\\BoundMethod::call()
#19 /home/aung/aps/myProject/pizza_order_system/vendor/laravel/framework/src/Illuminate/Console/Command.php(182): Illuminate\\Container\\Container->call()
#20 /home/aung/aps/myProject/pizza_order_system/vendor/symfony/console/Command/Command.php(312): Illuminate\\Console\\Command->execute()
#21 /home/aung/aps/myProject/pizza_order_system/vendor/laravel/framework/src/Illuminate/Console/Command.php(151): Symfony\\Component\\Console\\Command\\Command->run()
#22 /home/aung/aps/myProject/pizza_order_system/vendor/symfony/console/Application.php(1022): Illuminate\\Console\\Command->run()
#23 /home/aung/aps/myProject/pizza_order_system/vendor/symfony/console/Application.php(314): Symfony\\Component\\Console\\Application->doRunCommand()
#24 /home/aung/aps/myProject/pizza_order_system/vendor/symfony/console/Application.php(168): Symfony\\Component\\Console\\Application->doRun()
#25 /home/aung/aps/myProject/pizza_order_system/vendor/laravel/framework/src/Illuminate/Console/Application.php(102): Symfony\\Component\\Console\\Application->run()
#26 /home/aung/aps/myProject/pizza_order_system/vendor/laravel/framework/src/Illuminate/Foundation/Console/Kernel.php(155): Illuminate\\Console\\Application->run()
#27 /home/aung/aps/myProject/pizza_order_system/artisan(35): Illuminate\\Foundation\\Console\\Kernel->handle()
#28 {main}
"} 
